Thu Feb 15 22:50:09 BRT 2024 : Apache Derby Servidor de Rede - 10.14.2.0 - (1828579) iniciado e pronto para aceitar conexões na porta 1527 em {3}
----------------------------------------------------------------
Thu Feb 15 22:50:09 BRT 2024:
 Inicializando o Derby versão The Apache Software Foundation - Apache Derby - 10.14.2.0 - (1828579): instância a816c00e-018d-af9b-55f6-000006dd8560
no diretório de banco de dados C:\Users\richa\OneDrive\Área de Trabalho\BibliotecaJAVA\JavaApplication1\DbBiblioteca 

java.vendor=Oracle Corporation
java.runtime.version=17.0.9+11-LTS-201
user.dir=C:\Program Files\Java\jdk-17\db-derby-10.14.2.0-bin
os.name=Windows 10
os.arch=amd64
os.version=10.0
derby.system.home=C:\Users\richa\OneDrive\Área de Trabalho\BibliotecaJAVA\JavaApplication1
Carregador de classe do banco de dados iniciado - derby.database.classpath=''
----------------------------------------------------------------
Thu Feb 15 22:50:10 BRT 2024:
Encerrando a instância a816c00e-018d-af9b-55f6-000006dd8560
Thu Feb 15 22:50:10 BRT 2024 Thread[DRDAConnThread_3,5,main] (DATABASE = DbBiblioteca), (DRDAID = {2}), Banco de dados 'DbBiblioteca' fechado.
----------------------------------------------------------------
Thu Feb 15 22:50:16 BRT 2024:
 Inicializando o Derby versão The Apache Software Foundation - Apache Derby - 10.14.2.0 - (1828579): instância 6ede40af-018d-af9b-55f6-000006dd8560
no diretório de banco de dados C:\Users\richa\OneDrive\Área de Trabalho\BibliotecaJAVA\JavaApplication1\DbBiblioteca 

java.vendor=Oracle Corporation
java.runtime.version=17.0.9+11-LTS-201
user.dir=C:\Program Files\Java\jdk-17\db-derby-10.14.2.0-bin
os.name=Windows 10
os.arch=amd64
os.version=10.0
derby.system.home=C:\Users\richa\OneDrive\Área de Trabalho\BibliotecaJAVA\JavaApplication1
Carregador de classe do banco de dados iniciado - derby.database.classpath=''
Thu Feb 15 23:12:48 BRT 2024 Thread[DRDAConnThread_3,5,main] Cleanup action starting
java.sql.SQLException: Banco de dados 'BancoDDados' não encontrado.
	at org.apache.derby.impl.jdbc.SQLExceptionFactory.getSQLException(Unknown Source)
	at org.apache.derby.impl.jdbc.SQLExceptionFactory.getSQLException(Unknown Source)
	at org.apache.derby.impl.jdbc.Util.generateCsSQLException(Unknown Source)
	at org.apache.derby.impl.jdbc.Util.generateCsSQLException(Unknown Source)
	at org.apache.derby.impl.jdbc.EmbedConnection.newSQLException(Unknown Source)
	at org.apache.derby.impl.jdbc.EmbedConnection.handleDBNotFound(Unknown Source)
	at org.apache.derby.impl.jdbc.EmbedConnection.<init>(Unknown Source)
	at org.apache.derby.jdbc.InternalDriver$1.run(Unknown Source)
	at org.apache.derby.jdbc.InternalDriver$1.run(Unknown Source)
	at java.base/java.security.AccessController.doPrivileged(AccessController.java:569)
	at org.apache.derby.jdbc.InternalDriver.getNewEmbedConnection(Unknown Source)
	at org.apache.derby.jdbc.InternalDriver.connect(Unknown Source)
	at org.apache.derby.jdbc.InternalDriver.connect(Unknown Source)
	at org.apache.derby.jdbc.EmbeddedDriver.connect(Unknown Source)
	at org.apache.derby.impl.drda.Database.makeConnection(Unknown Source)
	at org.apache.derby.impl.drda.DRDAConnThread.getConnFromDatabaseName(Unknown Source)
	at org.apache.derby.impl.drda.DRDAConnThread.verifyUserIdPassword(Unknown Source)
	at org.apache.derby.impl.drda.DRDAConnThread.parseSECCHK(Unknown Source)
	at org.apache.derby.impl.drda.DRDAConnThread.parseDRDAConnection(Unknown Source)
	at org.apache.derby.impl.drda.DRDAConnThread.processCommands(Unknown Source)
	at org.apache.derby.impl.drda.DRDAConnThread.run(Unknown Source)
Caused by: ERROR XJ004: Banco de dados 'BancoDDados' não encontrado.
	at org.apache.derby.iapi.error.StandardException.newException(Unknown Source)
	at org.apache.derby.impl.jdbc.SQLExceptionFactory.wrapArgsForTransportAcrossDRDA(Unknown Source)
	... 21 more
============= begin nested exception, level (1) ===========
ERROR XJ004: Banco de dados 'BancoDDados' não encontrado.
	at org.apache.derby.iapi.error.StandardException.newException(Unknown Source)
	at org.apache.derby.impl.jdbc.SQLExceptionFactory.wrapArgsForTransportAcrossDRDA(Unknown Source)
	at org.apache.derby.impl.jdbc.SQLExceptionFactory.getSQLException(Unknown Source)
	at org.apache.derby.impl.jdbc.SQLExceptionFactory.getSQLException(Unknown Source)
	at org.apache.derby.impl.jdbc.Util.generateCsSQLException(Unknown Source)
	at org.apache.derby.impl.jdbc.Util.generateCsSQLException(Unknown Source)
	at org.apache.derby.impl.jdbc.EmbedConnection.newSQLException(Unknown Source)
	at org.apache.derby.impl.jdbc.EmbedConnection.handleDBNotFound(Unknown Source)
	at org.apache.derby.impl.jdbc.EmbedConnection.<init>(Unknown Source)
	at org.apache.derby.jdbc.InternalDriver$1.run(Unknown Source)
	at org.apache.derby.jdbc.InternalDriver$1.run(Unknown Source)
	at java.base/java.security.AccessController.doPrivileged(AccessController.java:569)
	at org.apache.derby.jdbc.InternalDriver.getNewEmbedConnection(Unknown Source)
	at org.apache.derby.jdbc.InternalDriver.connect(Unknown Source)
	at org.apache.derby.jdbc.InternalDriver.connect(Unknown Source)
	at org.apache.derby.jdbc.EmbeddedDriver.connect(Unknown Source)
	at org.apache.derby.impl.drda.Database.makeConnection(Unknown Source)
	at org.apache.derby.impl.drda.DRDAConnThread.getConnFromDatabaseName(Unknown Source)
	at org.apache.derby.impl.drda.DRDAConnThread.verifyUserIdPassword(Unknown Source)
	at org.apache.derby.impl.drda.DRDAConnThread.parseSECCHK(Unknown Source)
	at org.apache.derby.impl.drda.DRDAConnThread.parseDRDAConnection(Unknown Source)
	at org.apache.derby.impl.drda.DRDAConnThread.processCommands(Unknown Source)
	at org.apache.derby.impl.drda.DRDAConnThread.run(Unknown Source)
============= end nested exception, level (1) ===========
Cleanup action completed
Thu Feb 15 23:12:48 BRT 2024 Thread[DRDAConnThread_3,5,main] (DATABASE = BancoDDados), (DRDAID = {4}), Banco de dados 'BancoDDados' não encontrado.
----------------------------------------------------------------
Fri Feb 16 00:04:16 BRT 2024: Shutting down Derby engine
----------------------------------------------------------------
Fri Feb 16 00:04:16 BRT 2024:
Encerrando a instância 6ede40af-018d-af9b-55f6-000006dd8560
----------------------------------------------------------------
